ThunderRT6Main hWnd=&hD1574
ThunderRT6Main hWnd=&hD1574
ThunderRT6Main hWnd=&hD1574
18:30:00	D1574	WM_DEVICECHANGE	7	0
18:30:00	D1574	WM_DEVICECHANGE	7	0
18:30:00	D1574	WM_DEVICECHANGE	8004	9E510
18:30:00 - DeviceRemoveComplete: 5 - \\?\USB#VID_1A86&PID_7523#8&29df70a8&0&1#{86e0d1e0-8089-11d0-9ce4-08003e301f73}
18:30:00	D1574	WM_DEVICECHANGE	8004	9E510
18:30:00 - DeviceRemoveComplete: 5 - \\?\USB#VID_1A86&PID_7523#8&29df70a8&0&1#{a5dcbf10-6530-11d2-901f-00c04fb951ed}
18:30:00	D1574	WM_DEVICECHANGE	8004	9E510
18:30:00 - DeviceRemoveComplete: 5 - \\?\USB#VID_1A86&PID_7523#8&29df70a8&0&1#{4d36e978-e325-11ce-bfc1-08002be10318}
18:30:00	D1574	WM_DEVICECHANGE	8004	9E510
18:30:00 - DeviceRemoveComplete: 5 - \\?\USB#VID_1A86&PID_7523#8&29df70a8&0&1#{a6782bce-4376-4de2-8096-70aa9e8fed19}
18:30:00	D1574	WM_DEVICECHANGE	8004	9E510
18:30:00 - DeviceRemoveComplete: 5 - \\?\USB#VID_0BDA&PID_5411#7&b4be85d&0&1#{f18a0e88-c30c-11d0-8815-00a0c906bed8}
18:30:00	D1574	WM_DEVICECHANGE	8004	9E510
18:30:00 - DeviceRemoveComplete: 5 - \\?\USB#VID_0BDA&PID_5411#7&b4be85d&0&1#{a6782bce-4376-4de2-8096-70aa9e8fed19}
18:30:00	D1574	WM_DEVICECHANGE	8004	9E510
18:30:00 - DeviceRemoveComplete: 5 - \\?\USB#VID_0BDA&PID_5411#6&330cbafc&0&3#{f18a0e88-c30c-11d0-8815-00a0c906bed8}
18:30:00	D1574	WM_DEVICECHANGE	8004	9E510
18:30:00 - DeviceRemoveComplete: 5 - \\?\USB#VID_0BDA&PID_5411#6&330cbafc&0&3#{a6782bce-4376-4de2-8096-70aa9e8fed19}
18:30:00	D1574	WM_DEVICECHANGE	8004	9E510
18:30:00 - DeviceRemoveComplete: 5 - \\?\USB#VID_0BDA&PID_0411#7&34207077&0&1#{f18a0e88-c30c-11d0-8815-00a0c906bed8}
18:30:00	D1574	WM_DEVICECHANGE	8004	9E510
18:30:00 - DeviceRemoveComplete: 5 - \\?\USB#VID_0BDA&PID_0411#7&34207077&0&1#{a6782bce-4376-4de2-8096-70aa9e8fed19}
18:30:00	D1574	WM_DEVICECHANGE	8004	9E510
18:30:00 - DeviceRemoveComplete: 5 - \\?\USB#VID_0BDA&PID_0411#6&330cbafc&0&1#{f18a0e88-c30c-11d0-8815-00a0c906bed8}
18:30:00	D1574	WM_DEVICECHANGE	8004	9E510
18:30:00 - DeviceRemoveComplete: 5 - \\?\USB#VID_0BDA&PID_0411#6&330cbafc&0&1#{a6782bce-4376-4de2-8096-70aa9e8fed19}
18:30:00	D1574	WM_DEVICECHANGE	8004	9E5C0
18:30:00 - DeviceRemoveComplete: 3 - 
18:30:01	D1574	WM_DEVICECHANGE	7	0
18:30:01	D1574	WM_DEVICECHANGE	7	0
18:30:01	D1574	WM_DEVICECHANGE	8000	9E510
18:30:01 - DeviceArrival: 5 - \\?\USB#VID_0BDA&PID_5411#6&330cbafc&0&3#{f18a0e88-c30c-11d0-8815-00a0c906bed8}
18:30:01	D1574	WM_DEVICECHANGE	8000	9E510
18:30:01 - DeviceArrival: 5 - \\?\USB#VID_0BDA&PID_5411#6&330cbafc&0&3#{a6782bce-4376-4de2-8096-70aa9e8fed19}
18:30:01	D1574	WM_DEVICECHANGE	8000	9E510
18:30:01 - DeviceArrival: 5 - \\?\USB#VID_0BDA&PID_0411#6&330cbafc&0&1#{f18a0e88-c30c-11d0-8815-00a0c906bed8}
18:30:01	D1574	WM_DEVICECHANGE	8000	9E510
18:30:01 - DeviceArrival: 5 - \\?\USB#VID_0BDA&PID_0411#6&330cbafc&0&1#{a6782bce-4376-4de2-8096-70aa9e8fed19}
18:30:01	D1574	WM_DEVICECHANGE	8000	9E510
18:30:01 - DeviceArrival: 5 - \\?\USB#VID_0BDA&PID_0411#7&34207077&0&1#{f18a0e88-c30c-11d0-8815-00a0c906bed8}
18:30:01	D1574	WM_DEVICECHANGE	8000	9E510
18:30:01 - DeviceArrival: 5 - \\?\USB#VID_0BDA&PID_0411#7&34207077&0&1#{a6782bce-4376-4de2-8096-70aa9e8fed19}
18:30:01	D1574	WM_DEVICECHANGE	7	0
18:30:01	D1574	WM_DEVICECHANGE	7	0
18:30:01	D1574	WM_DEVICECHANGE	8000	9E510
18:30:01 - DeviceArrival: 5 - \\?\USB#VID_0BDA&PID_5411#7&b4be85d&0&1#{f18a0e88-c30c-11d0-8815-00a0c906bed8}
18:30:01	D1574	WM_DEVICECHANGE	8000	9E510
18:30:01 - DeviceArrival: 5 - \\?\USB#VID_0BDA&PID_5411#7&b4be85d&0&1#{a6782bce-4376-4de2-8096-70aa9e8fed19}
18:30:01	D1574	WM_DEVICECHANGE	7	0
18:30:01	D1574	WM_DEVICECHANGE	7	0
18:30:01	D1574	WM_DEVICECHANGE	8000	9E510
18:30:01 - DeviceArrival: 5 - \\?\USB#VID_1A86&PID_7523#8&29df70a8&0&1#{4d36e978-e325-11ce-bfc1-08002be10318}
18:30:01	D1574	WM_DEVICECHANGE	8000	9E510
18:30:01 - DeviceArrival: 5 - \\?\USB#VID_1A86&PID_7523#8&29df70a8&0&1#{a5dcbf10-6530-11d2-901f-00c04fb951ed}
18:30:01	D1574	WM_DEVICECHANGE	8000	9E510
18:30:01 - DeviceArrival: 5 - \\?\USB#VID_1A86&PID_7523#8&29df70a8&0&1#{a6782bce-4376-4de2-8096-70aa9e8fed19}
18:30:01	D1574	WM_DEVICECHANGE	8000	9E510
18:30:01 - DeviceArrival: 5 - \\?\USB#VID_1A86&PID_7523#8&29df70a8&0&1#{86e0d1e0-8089-11d0-9ce4-08003e301f73}
18:30:01	D1574	WM_DEVICECHANGE	8000	9E5C0
18:30:01 - DeviceArrival: 3 - 
18:30:02	D1574	WM_DEVICECHANGE	7	0
18:30:02	D1574	WM_DEVICECHANGE	7	0
